<?xml version="1.0" encoding="UTF-8"?>
<testsuite xmlns:xsi="http://www.w3.org/2001/XMLSchema-instance" xsi:noNamespaceSchemaLocation="https://maven.apache.org/surefire/maven-surefire-plugin/xsd/surefire-test-report-3.0.xsd" version="3.0" name="com.one211.learning.db.JsonFileReaderTest" time="0.41" tests="1" errors="0" skipped="0" failures="0">
  <properties>
[...]
</properties>
  <testcase name="testReadJsonReturnsCorrectRowCount" classname="com.one211.learning.db.JsonFileReaderTest" time="0.405"/>
</testsuite>